<?xml version="1.0" encoding="UTF-8"?>
<testng-results ignored="0" total="4" passed="4" failed="0" skipped="0">
  <reporter-output>
  </reporter-output>
  <suite started-at="2022-02-09T11:49:09 WIB" name="Suite" finished-at="2022-02-09T11:49:23 WIB" duration-ms="14124">
    <groups>
    </groups>
    <test started-at="2022-02-09T11:49:09 WIB" name="Test" finished-at="2022-02-09T11:49:23 WIB" duration-ms="14124">
      <class name="qaautomation.tugas3.AppTestPOM">
        <test-method is-config="true" signature="createChromeDriver()[pri:0, instance:qaautomation.tugas3.AppTestPOM@5ef5c734]" started-at="2022-02-09T11:49:09 WIB" name="createChromeDriver" finished-at="2022-02-09T11:49:16 WIB" duration-ms="6371" status="PASS">
          <reporter-output>
          </reporter-output>
        </test-method> <!-- createChromeDriver -->
        <test-method is-config="true" signature="createChromeDriver()[pri:0, instance:qaautomation.tugas3.AppTestPOM@5ef5c734]" started-at="2022-02-09T11:49:09 WIB" name="createChromeDriver" finished-at="2022-02-09T11:49:15 WIB" duration-ms="5773" status="PASS">
          <reporter-output>
          </reporter-output>
        </test-method> <!-- createChromeDriver -->
        <test-method signature="test1()[pri:0, instance:qaautomation.tugas3.AppTestPOM@5ef5c734]" started-at="2022-02-09T11:49:15 WIB" name="test1" finished-at="2022-02-09T11:49:17 WIB" duration-ms="1694" status="PASS">
          <reporter-output>
          </reporter-output>
        </test-method> <!-- test1 -->
        <test-method signature="test2()[pri:0, instance:qaautomation.tugas3.AppTestPOM@5ef5c734]" started-at="2022-02-09T11:49:16 WIB" name="test2" finished-at="2022-02-09T11:49:17 WIB" duration-ms="943" status="PASS">
          <reporter-output>
          </reporter-output>
        </test-method> <!-- test2 -->
        <test-method is-config="true" signature="quitChromeDriver()[pri:0, instance:qaautomation.tugas3.AppTestPOM@5ef5c734]" started-at="2022-02-09T11:49:17 WIB" name="quitChromeDriver" finished-at="2022-02-09T11:49:17 WIB" duration-ms="106" status="PASS">
          <reporter-output>
          </reporter-output>
        </test-method> <!-- quitChromeDriver -->
        <test-method is-config="true" signature="quitChromeDriver()[pri:0, instance:qaautomation.tugas3.AppTestPOM@5ef5c734]" started-at="2022-02-09T11:49:17 WIB" name="quitChromeDriver" finished-at="2022-02-09T11:49:17 WIB" duration-ms="112" status="PASS">
          <reporter-output>
          </reporter-output>
        </test-method> <!-- quitChromeDriver -->
      </class> <!-- qaautomation.tugas3.AppTestPOM -->
      <class name="qaautomation.tugas3.AppTestPOMFactory">
        <test-method is-config="true" signature="createChromeDriver()[pri:0, instance:qaautomation.tugas3.AppTestPOMFactory@78d6692f]" started-at="2022-02-09T11:49:17 WIB" name="createChromeDriver" finished-at="2022-02-09T11:49:22 WIB" duration-ms="5065" status="PASS">
          <reporter-output>
          </reporter-output>
        </test-method> <!-- createChromeDriver -->
        <test-method is-config="true" signature="createChromeDriver()[pri:0, instance:qaautomation.tugas3.AppTestPOMFactory@78d6692f]" started-at="2022-02-09T11:49:17 WIB" name="createChromeDriver" finished-at="2022-02-09T11:49:22 WIB" duration-ms="5110" status="PASS">
          <reporter-output>
          </reporter-output>
        </test-method> <!-- createChromeDriver -->
        <test-method signature="test1()[pri:0, instance:qaautomation.tugas3.AppTestPOMFactory@78d6692f]" started-at="2022-02-09T11:49:22 WIB" name="test1" finished-at="2022-02-09T11:49:23 WIB" duration-ms="1489" status="PASS">
          <reporter-output>
          </reporter-output>
        </test-method> <!-- test1 -->
        <test-method signature="test2()[pri:0, instance:qaautomation.tugas3.AppTestPOMFactory@78d6692f]" started-at="2022-02-09T11:49:22 WIB" name="test2" finished-at="2022-02-09T11:49:23 WIB" duration-ms="796" status="PASS">
          <reporter-output>
          </reporter-output>
        </test-method> <!-- test2 -->
        <test-method is-config="true" signature="quitChromeDriver()[pri:0, instance:qaautomation.tugas3.AppTestPOMFactory@78d6692f]" started-at="2022-02-09T11:49:23 WIB" name="quitChromeDriver" finished-at="2022-02-09T11:49:23 WIB" duration-ms="99" status="PASS">
          <reporter-output>
          </reporter-output>
        </test-method> <!-- quitChromeDriver -->
        <test-method is-config="true" signature="quitChromeDriver()[pri:0, instance:qaautomation.tugas3.AppTestPOMFactory@78d6692f]" started-at="2022-02-09T11:49:23 WIB" name="quitChromeDriver" finished-at="2022-02-09T11:49:23 WIB" duration-ms="101" status="PASS">
          <reporter-output>
          </reporter-output>
        </test-method> <!-- quitChromeDriver -->
      </class> <!-- qaautomation.tugas3.AppTestPOMFactory -->
    </test> <!-- Test -->
  </suite> <!-- Suite -->
</testng-results>
