<?xml version="1.0" encoding="UTF-8"?>
<!-- Generated by org.testng.reporters.JUnitXMLReporter -->
<testsuite ignored="1" hostname="DESKTOP-D7JMDV6" failures="0" tests="1" name="Default test" time="7.551" errors="0" timestamp="2022-02-09T11:44:18 WIB">
  <testcase classname="qaautomation.tugas3.AppTestPOMFactory" name="test1" time="1.52"/>
  <testcase classname="qaautomation.tugas3.AppTestPOMFactory" name="test2" time="0.0">
    <ignored/>
  </testcase> <!-- test2 -->
</testsuite> <!-- Default test -->
