<?xml version="1.0" encoding="UTF-8"?>
<!-- Generated by org.testng.reporters.JUnitXMLReporter -->
<testsuite ignored="0" hostname="DESKTOP-D7JMDV6" failures="0" tests="4" name="Test" time="14.124" errors="0" timestamp="2022-02-09T11:49:23 WIB">
  <testcase classname="qaautomation.tugas3.AppTestPOM" name="test2" time="0.943"/>
  <testcase classname="qaautomation.tugas3.AppTestPOM" name="test1" time="1.694"/>
  <testcase classname="qaautomation.tugas3.AppTestPOMFactory" name="test2" time="0.796"/>
  <testcase classname="qaautomation.tugas3.AppTestPOMFactory" name="test1" time="1.489"/>
</testsuite> <!-- Test -->
