<?xml version="1.0" encoding="UTF-8"?>
<testng-results ignored="0" total="1" passed="1" failed="0" skipped="0">
  <reporter-output>
  </reporter-output>
  <suite started-at="2022-02-14T17:34:58 WIB" name="Default suite" finished-at="2022-02-14T17:35:16 WIB" duration-ms="17911">
    <groups>
    </groups>
    <test started-at="2022-02-14T17:34:58 WIB" name="Default test" finished-at="2022-02-14T17:35:16 WIB" duration-ms="17911">
      <class name="qaautomation.tugas4.AppTest">
        <test-method is-config="true" signature="createChromeDriver()[pri:0, instance:qaautomation.tugas4.AppTest@20ca951f]" started-at="2022-02-14T17:34:58 WIB" name="createChromeDriver" finished-at="2022-02-14T17:35:13 WIB" duration-ms="15316" status="PASS">
          <reporter-output>
          </reporter-output>
        </test-method> <!-- createChromeDriver -->
        <test-method signature="test1()[pri:0, instance:qaautomation.tugas4.AppTest@20ca951f]" started-at="2022-02-14T17:35:13 WIB" name="test1" finished-at="2022-02-14T17:35:15 WIB" duration-ms="1964" status="PASS">
          <reporter-output>
          </reporter-output>
        </test-method> <!-- test1 -->
        <test-method is-config="true" signature="quitChromeDriver()[pri:0, instance:qaautomation.tugas4.AppTest@20ca951f]" started-at="2022-02-14T17:35:15 WIB" name="quitChromeDriver" finished-at="2022-02-14T17:35:16 WIB" duration-ms="309" status="PASS">
          <reporter-output>
          </reporter-output>
        </test-method> <!-- quitChromeDriver -->
      </class> <!-- qaautomation.tugas4.AppTest -->
    </test> <!-- Default test -->
  </suite> <!-- Default suite -->
</testng-results>
