<?xml version="1.0" encoding="UTF-8"?>
<testng-results ignored="0" total="1" passed="1" failed="0" skipped="0">
  <reporter-output>
  </reporter-output>
  <suite started-at="2022-02-14T13:39:38 WIB" name="Default suite" finished-at="2022-02-14T13:39:46 WIB" duration-ms="7776">
    <groups>
    </groups>
    <test started-at="2022-02-14T13:39:38 WIB" name="Default test" finished-at="2022-02-14T13:39:46 WIB" duration-ms="7776">
      <class name="qaautomation.tugas5.TestAPI">
        <test-method signature="testRegisterAPI()[pri:0, instance:qaautomation.tugas5.TestAPI@4ddbbdf8]" started-at="2022-02-14T13:39:38 WIB" name="testRegisterAPI" finished-at="2022-02-14T13:39:46 WIB" duration-ms="7482" status="PASS">
          <reporter-output>
          </reporter-output>
        </test-method> <!-- testRegisterAPI -->
      </class> <!-- qaautomation.tugas5.TestAPI -->
    </test> <!-- Default test -->
  </suite> <!-- Default suite -->
</testng-results>
